Using pre-set license
Built from '2020.2/release' branch; Version is '2020.2.1f1 (270dd8c3da1c) revision 2559448'; Using compiler version '192528614'; Build Type 'Release'
OS: 'Windows 10  (10.0.0) 64bit' Language: 'es' Physical Memory: 6562 MB
BatchMode: 1, IsHumanControllingUs: 0, StartBugReporterOnCrash: 0, Is64bit: 1, IsPro: 0

 COMMAND LINE ARGUMENTS:
C:\Program Files\Unity\Hub\Editor\2020.2.1f1\Editor\Unity.exe
-adb2
-batchMode
-noUpm
-name
AssetImportWorker0
-projectPath
C:/Users/josesin/Desktop/Unity proyect/ctt_test_Unity
-logFile
Logs/AssetImportWorker0.log
-srvPort
50014
Successfully changed project path to: C:/Users/josesin/Desktop/Unity proyect/ctt_test_Unity
C:/Users/josesin/Desktop/Unity proyect/ctt_test_Unity
Using Asset Import Pipeline V2.
Refreshing native plugins compatible for Editor in 139.59 ms, found 1 plugins.
Preloading 0 native plugins for Editor in 0.00 ms.
Initialize engine version: 2020.2.1f1 (270dd8c3da1c)
[Subsystems] Discovering subsystems at path C:/Program Files/Unity/Hub/Editor/2020.2.1f1/Editor/Data/Resources/UnitySubsystems
[Subsystems] Discovering subsystems at path C:/Users/josesin/Desktop/Unity proyect/ctt_test_Unity/Assets
GfxDevice: creating device client; threaded=0
Direct3D:
    Version:  Direct3D 11.0 [level 10.1]
    Renderer: Intel(R) HD Graphics 3000 (ID=0x126)
    Vendor:   
    VRAM:     128 MB
    Driver:   9.17.10.4459
Initialize mono
Mono path[0] = 'C:/Program Files/Unity/Hub/Editor/2020.2.1f1/Editor/Data/Managed'
Mono path[1] = 'C:/Program Files/Unity/Hub/Editor/2020.2.1f1/Editor/Data/MonoBleedingEdge/lib/mono/unityjit'
Mono config path = 'C:/Program Files/Unity/Hub/Editor/2020.2.1f1/Editor/Data/MonoBleedingEdge/etc'
Using monoOptions --debugger-agent=transport=dt_socket,embedding=1,server=y,suspend=n,address=127.0.0.1:56264
Begin MonoManager ReloadAssembly
Registering precompiled unity dll's ...
Register platform support module: C:/Program Files/Unity/Hub/Editor/2020.2.1f1/Editor/Data/PlaybackEngines/WindowsStandaloneSupport/UnityEditor.WindowsStandalone.Extensions.dll
Registered in 0.004543 seconds.
Native extension for WindowsStandalone target not found
Refreshing native plugins compatible for Editor in 116.43 ms, found 1 plugins.
Preloading 0 native plugins for Editor in 0.00 ms.
Invoked RoslynAnalysisRunner static constructor.
RoslynAnalysisRunner will not be running.
RoslynAnalysisRunner has terminated.
Mono: successfully reloaded assembly
- Completed reload, in  3.871 seconds
Platform modules already initialized, skipping
Registering precompiled user dll's ...
Registered in 0.001849 seconds.
Begin MonoManager ReloadAssembly
Native extension for WindowsStandalone target not found
Refreshing native plugins compatible for Editor in 165.51 ms, found 1 plugins.
Preloading 0 native plugins for Editor in 0.00 ms.
Invoked RoslynAnalysisRunner static constructor.
RoslynAnalysisRunner will not be running.
RoslynAnalysisRunner has terminated.
Mono: successfully reloaded assembly
- Completed reload, in  3.126 seconds
Platform modules already initialized, skipping
========================================================================
Worker process is ready to serve import requests
Launched and connected shader compiler UnityShaderCompiler.exe after 0.06 seconds
Refreshing native plugins compatible for Editor in 0.85 ms, found 1 plugins.
Preloading 0 native plugins for Editor in 0.00 ms.
Unloading 1792 Unused Serialized files (Serialized files now loaded: 0)
System memory in use before: 84.0 MB.
System memory in use after: 84.0 MB.

Unloading 24 unused Assets to reduce memory usage. Loaded Objects now: 2233.
Total: 4.476300 ms (FindLiveObjects: 0.504600 ms CreateObjectMapping: 0.207600 ms MarkObjects: 3.559200 ms  DeleteObjects: 0.200600 ms)

========================================================================
Received Import Request.
  path: Assets/flecha.cs
  artifactKey: Guid(7be797e15426d0748aebb92a25f52e8a) Importer(815301076,1909f56bfc062723c751e8b465ee728b)
Start importing Assets/flecha.cs using Guid(7be797e15426d0748aebb92a25f52e8a) Importer(815301076,1909f56bfc062723c751e8b465ee728b)  -> (artifact id: '87ea528a097cf485c10cd6258ce84135') in 0.395912 seconds
  Import took 0.401584 seconds .

========================================================================
Received Import Request.
  Time since last request: 79.155404 seconds.
  path: Assets/flecha.cs
  artifactKey: Guid(7be797e15426d0748aebb92a25f52e8a) Importer(815301076,1909f56bfc062723c751e8b465ee728b)
Start importing Assets/flecha.cs using Guid(7be797e15426d0748aebb92a25f52e8a) Importer(815301076,1909f56bfc062723c751e8b465ee728b)  -> (artifact id: '51098532a0d312bbf15297e9378fb313') in 0.010837 seconds
  Import took 0.016929 seconds .

========================================================================
Received Import Request.
  Time since last request: 0.003816 seconds.
  path: Assets/flecha.cs
  artifactKey: Guid(7be797e15426d0748aebb92a25f52e8a) Importer(815301076,1909f56bfc062723c751e8b465ee728b)
Start importing Assets/flecha.cs using Guid(7be797e15426d0748aebb92a25f52e8a) Importer(815301076,1909f56bfc062723c751e8b465ee728b)  -> (artifact id: '51098532a0d312bbf15297e9378fb313') in 0.022973 seconds
  Import took 0.040719 seconds .

========================================================================
Received Prepare
Registering precompiled user dll's ...
Registered in 0.002742 seconds.
Begin MonoManager ReloadAssembly
Native extension for WindowsStandalone target not found
Refreshing native plugins compatible for Editor in 0.67 ms, found 1 plugins.
Preloading 0 native plugins for Editor in 0.00 ms.
Invoked RoslynAnalysisRunner static constructor.
RoslynAnalysisRunner will not be running.
RoslynAnalysisRunner has terminated.
Mono: successfully reloaded assembly
- Completed reload, in  2.046 seconds
Platform modules already initialized, skipping
Refreshing native plugins compatible for Editor in 1.94 ms, found 1 plugins.
Preloading 0 native plugins for Editor in 0.00 ms.
Unloading 1787 Unused Serialized files (Serialized files now loaded: 0)
System memory in use before: 84.1 MB.
System memory in use after: 84.1 MB.

Unloading 12 unused Assets to reduce memory usage. Loaded Objects now: 2236.
Total: 3.805300 ms (FindLiveObjects: 0.892800 ms CreateObjectMapping: 0.278100 ms MarkObjects: 2.488200 ms  DeleteObjects: 0.144100 ms)

========================================================================
Received Prepare
Registering precompiled user dll's ...
Registered in 0.004354 seconds.
Begin MonoManager ReloadAssembly
Native extension for WindowsStandalone target not found
Refreshing native plugins compatible for Editor in 0.93 ms, found 1 plugins.
Preloading 0 native plugins for Editor in 0.00 ms.
Invoked RoslynAnalysisRunner static constructor.
RoslynAnalysisRunner will not be running.
RoslynAnalysisRunner has terminated.
Mono: successfully reloaded assembly
- Completed reload, in  2.027 seconds
Platform modules already initialized, skipping
Refreshing native plugins compatible for Editor in 0.94 ms, found 1 plugins.
Preloading 0 native plugins for Editor in 0.00 ms.
Unloading 1787 Unused Serialized files (Serialized files now loaded: 0)
System memory in use before: 84.2 MB.
System memory in use after: 84.2 MB.

Unloading 12 unused Assets to reduce memory usage. Loaded Objects now: 2239.
Total: 23.928700 ms (FindLiveObjects: 0.777800 ms CreateObjectMapping: 0.126500 ms MarkObjects: 22.860300 ms  DeleteObjects: 0.161200 ms)

AssetImportWorkerClient::OnTransportError - code=2 error=End of file
